Build started 2017/3/26 10:07:03.
     1>Project "C:\Users\Quark\OneDrive\ftouch\IMESample\C++\SampleIME\SampleIME.vcxproj" on node 2 (Build target(s)).
     1>ClCompile:
         C:\Program Files (x86)\Microsoft Visual Studio 14.0\VC\bin\x86_amd64\CL.exe /c /I"C:\Program Files (x86)\Windows Kits\8.0\Include\um" /I"C:\Program Files (x86)\Windows Kits\8.0\Include\shared" /ZI /nologo /W3 /WX- /Od /D WIN32 /D _DEBUG /D _WINDOWS /D _USRDLL /D SampleIME_EXPORTS /D _WINDLL /D _UNICODE /D UNICODE /Gm /EHsc /MDd /GS /fp:precise /Zc:wchar_t /Zc:forScope /Zc:inline /Fo"x64\Debug\\" /Fd"x64\Debug\vc140.pdb" /Gd /TP /errorReport:prompt ActiveLanguageProfileNotifySink.cpp BaseDictionaryEngine.cpp BaseWindow.cpp ButtonWindow.cpp CandidateListUIPresenter.cpp CandidateWindow.cpp Compartment.cpp Composition.cpp CompositionProcessorEngine.cpp EnumTfCandidates.cpp KeyStateCategory.cpp SampleIMEBaseStructure.cpp SearchCandidateProvider.cpp DictionaryParser.cpp DictionarySearch.cpp DisplayAttribute.cpp DisplayAttributeInfo.cpp DisplayAttributeProvider.cpp DllMain.cpp EditSession.cpp EndComposition.cpp EnumDisplayAttributeInfo.cpp File.cpp FileMapping.cpp FunctionProviderSink.cpp GetTextExtentEditSession.cpp Globals.cpp KeyEventSink.cpp KeyHandler.cpp KeyHandlerEditSession.cpp LanguageBar.cpp Register.cpp RegKey.cpp ScrollBarWindow.cpp Server.cpp ShadowWindow.cpp StartComposition.cpp TableDictionaryEngine.cpp SampleIME.cpp TextEditSink.cpp TfInputProcessorProfile.cpp TfTextLayoutSink.cpp ThreadFocusSink.cpp ThreadMgrEventSink.cpp TipCandidateList.cpp TipCandidateString.cpp
         TipCandidateString.cpp
         TipCandidateList.cpp
         ThreadMgrEventSink.cpp
         ThreadFocusSink.cpp
         TfTextLayoutSink.cpp
         TfInputProcessorProfile.cpp
         TextEditSink.cpp
         SampleIME.cpp
         TableDictionaryEngine.cpp
         StartComposition.cpp
         ShadowWindow.cpp
         Server.cpp
         ScrollBarWindow.cpp
         RegKey.cpp
         Register.cpp
         LanguageBar.cpp
         KeyHandlerEditSession.cpp
         KeyHandler.cpp
         KeyEventSink.cpp
         Globals.cpp
         Generating Code...
         Compiling...
         GetTextExtentEditSession.cpp
         FunctionProviderSink.cpp
         FileMapping.cpp
         File.cpp
         EnumDisplayAttributeInfo.cpp
         EndComposition.cpp
         EditSession.cpp
         DllMain.cpp
         DisplayAttributeProvider.cpp
         DisplayAttributeInfo.cpp
         DisplayAttribute.cpp
         DictionarySearch.cpp
         DictionaryParser.cpp
         SearchCandidateProvider.cpp
         SampleIMEBaseStructure.cpp
         KeyStateCategory.cpp
         EnumTfCandidates.cpp
         CompositionProcessorEngine.cpp
         Composition.cpp
         Compartment.cpp
         Generating Code...
         Compiling...
         CandidateWindow.cpp
         CandidateListUIPresenter.cpp
         ButtonWindow.cpp
         BaseWindow.cpp
         BaseDictionaryEngine.cpp
         ActiveLanguageProfileNotifySink.cpp
         Generating Code...
       ResourceCompile:
         C:\Program Files (x86)\Windows Kits\8.1\bin\x86\rc.exe /D _UNICODE /D UNICODE /l"0x0409" /nologo /fo"x64\Debug\SampleIME.res" SampleIME.rc 
       Link:
         C:\Program Files (x86)\Microsoft Visual Studio 14.0\VC\bin\x86_amd64\link.exe /ERRORREPORT:PROMPT /OUT:"C:\Users\Quark\OneDrive\ftouch\IMESample\C++\x64\Debug\SampleIME.dll" /INCREMENTAL:NO /NOLOGO /LIBPATH:"C:\Program Files (x86)\Windows Kits\8.0\Lib\win8\um\x64" shlwapi.lib kernel32.lib user32.lib gdi32.lib winspool.lib comdlg32.lib advapi32.lib shell32.lib ole32.lib oleaut32.lib uuid.lib odbc32.lib odbccp32.lib /DEF:"SampleIME.def" /MANIFEST /MANIFESTUAC:"level='asInvoker' uiAccess='false'" /manifest:embed /Debug /PDB:"C:\Users\Quark\OneDrive\ftouch\IMESample\C++\x64\Debug\SampleIME.pdb" /SUBSYSTEM:WINDOWS /TLBID:1 /DYNAMICBASE /NXCOMPAT /IMPLIB:"C:\Users\Quark\OneDrive\ftouch\IMESample\C++\x64\Debug\SampleIME.lib" /MACHINE:X64 /DLL x64\Debug\SampleIME.res
         x64\Debug\ActiveLanguageProfileNotifySink.obj
         x64\Debug\BaseDictionaryEngine.obj
         x64\Debug\BaseWindow.obj
         x64\Debug\ButtonWindow.obj
         x64\Debug\CandidateListUIPresenter.obj
         x64\Debug\CandidateWindow.obj
         x64\Debug\Compartment.obj
         x64\Debug\Composition.obj
         x64\Debug\CompositionProcessorEngine.obj
         x64\Debug\EnumTfCandidates.obj
         x64\Debug\KeyStateCategory.obj
         x64\Debug\SampleIMEBaseStructure.obj
         x64\Debug\SearchCandidateProvider.obj
         x64\Debug\DictionaryParser.obj
         x64\Debug\DictionarySearch.obj
         x64\Debug\DisplayAttribute.obj
         x64\Debug\DisplayAttributeInfo.obj
         x64\Debug\DisplayAttributeProvider.obj
         x64\Debug\DllMain.obj
         x64\Debug\EditSession.obj
         x64\Debug\EndComposition.obj
         x64\Debug\EnumDisplayAttributeInfo.obj
         x64\Debug\File.obj
         x64\Debug\FileMapping.obj
         x64\Debug\FunctionProviderSink.obj
         x64\Debug\GetTextExtentEditSession.obj
         x64\Debug\Globals.obj
         x64\Debug\KeyEventSink.obj
         x64\Debug\KeyHandler.obj
         x64\Debug\KeyHandlerEditSession.obj
         x64\Debug\LanguageBar.obj
         x64\Debug\Register.obj
         x64\Debug\RegKey.obj
         x64\Debug\ScrollBarWindow.obj
         x64\Debug\Server.obj
         x64\Debug\ShadowWindow.obj
         x64\Debug\StartComposition.obj
         x64\Debug\TableDictionaryEngine.obj
         x64\Debug\SampleIME.obj
         x64\Debug\TextEditSink.obj
         x64\Debug\TfInputProcessorProfile.obj
         x64\Debug\TfTextLayoutSink.obj
         x64\Debug\ThreadFocusSink.obj
         x64\Debug\ThreadMgrEventSink.obj
         x64\Debug\TipCandidateList.obj
         x64\Debug\TipCandidateString.obj
     1>ActiveLanguageProfileNotifySink.obj : warning LNK4075: ignoring '/EDITANDCONTINUE' due to '/OPT:LBR' specification
            Creating library C:\Users\Quark\OneDrive\ftouch\IMESample\C++\x64\Debug\SampleIME.lib and object C:\Users\Quark\OneDrive\ftouch\IMESample\C++\x64\Debug\SampleIME.exp
         SampleIME.vcxproj -> C:\Users\Quark\OneDrive\ftouch\IMESample\C++\x64\Debug\SampleIME.dll
     1>Done Building Project "C:\Users\Quark\OneDrive\ftouch\IMESample\C++\SampleIME\SampleIME.vcxproj" (Build target(s)).

Build succeeded.

Time Elapsed 00:07:21.11
